	/projects/bgmp/lwil/miniforge3/envs/QAA/bin/STAR-avx2 --runThreadN 8 --runMode alignReads --outFilterMultimapNmax 3 --outSAMunmapped Within KeepPairs --alignIntronMax 1000000 --alignMatesGapMax 1000000 --readFilesCommand zcat --readFilesIn /projects/bgmp/lwil/bioinfo/Bi623/QAA/Part_2/trimmomatic_output/out_8_R1_P.fastq.gz /projects/bgmp/lwil/bioinfo/Bi623/QAA/Part_2/trimmomatic_output/out_8_R2_P.fastq.gz --genomeDir /projects/bgmp/lwil/bioinfo/Bi623/QAA/Part_3/Mus_musculus.GRCm39.dna.ens112.STAR_2.7.11b --outFileNamePrefix 8_
	STAR version: 2.7.11b   compiled: 2024-07-03T14:39:20+0000 :/opt/conda/conda-bld/star_1720017372352/work/source
Sep 07 20:10:36 ..... started STAR run
Sep 07 20:10:36 ..... loading genome
Sep 07 20:10:52 ..... started mapping
Sep 07 20:15:00 ..... finished mapping
Sep 07 20:15:01 ..... finished successfully
	Command being timed: "STAR --runThreadN 8 --runMode alignReads --outFilterMultimapNmax 3 --outSAMunmapped Within KeepPairs --alignIntronMax 1000000 --alignMatesGapMax 1000000 --readFilesCommand zcat --readFilesIn /projects/bgmp/lwil/bioinfo/Bi623/QAA/Part_2/trimmomatic_output/out_8_R1_P.fastq.gz /projects/bgmp/lwil/bioinfo/Bi623/QAA/Part_2/trimmomatic_output/out_8_R2_P.fastq.gz --genomeDir /projects/bgmp/lwil/bioinfo/Bi623/QAA/Part_3/Mus_musculus.GRCm39.dna.ens112.STAR_2.7.11b --outFileNamePrefix 8_"
	User time (seconds): 1739.92
	System time (seconds): 17.73
	Percent of CPU this job got: 662%
	Elapsed (wall clock) time (h:mm:ss or m:ss): 4:25.43
	Average shared text size (kbytes): 0
	Average unshared data size (kbytes): 0
	Average stack size (kbytes): 0
	Average total size (kbytes): 0
	Maximum resident set size (kbytes): 27532036
	Average resident set size (kbytes): 0
	Major (requiring I/O) page faults: 0
	Minor (reclaiming a frame) page faults: 1263845
	Voluntary context switches: 250989
	Involuntary context switches: 14777
	Swaps: 0
	File system inputs: 0
	File system outputs: 0
	Socket messages sent: 0
	Socket messages received: 0
	Signals delivered: 0
	Page size (bytes): 4096
	Exit status: 0
	/projects/bgmp/lwil/miniforge3/envs/QAA/bin/STAR-avx2 --runThreadN 8 --runMode alignReads --outFilterMultimapNmax 3 --outSAMunmapped Within KeepPairs --alignIntronMax 1000000 --alignMatesGapMax 1000000 --readFilesCommand zcat --readFilesIn /projects/bgmp/lwil/bioinfo/Bi623/QAA/Part_2/trimmomatic_output/out_22_R1_P.fastq.gz /projects/bgmp/lwil/bioinfo/Bi623/QAA/Part_2/trimmomatic_output/out_22_R2_P.fastq.gz --genomeDir /projects/bgmp/lwil/bioinfo/Bi623/QAA/Part_3/Mus_musculus.GRCm39.dna.ens112.STAR_2.7.11b --outFileNamePrefix 22_
	STAR version: 2.7.11b   compiled: 2024-07-03T14:39:20+0000 :/opt/conda/conda-bld/star_1720017372352/work/source
Sep 07 20:15:01 ..... started STAR run
Sep 07 20:15:01 ..... loading genome
Sep 07 20:15:27 ..... started mapping
Sep 07 20:15:57 ..... finished mapping
Sep 07 20:15:57 ..... finished successfully
	Command being timed: "STAR --runThreadN 8 --runMode alignReads --outFilterMultimapNmax 3 --outSAMunmapped Within KeepPairs --alignIntronMax 1000000 --alignMatesGapMax 1000000 --readFilesCommand zcat --readFilesIn /projects/bgmp/lwil/bioinfo/Bi623/QAA/Part_2/trimmomatic_output/out_22_R1_P.fastq.gz /projects/bgmp/lwil/bioinfo/Bi623/QAA/Part_2/trimmomatic_output/out_22_R2_P.fastq.gz --genomeDir /projects/bgmp/lwil/bioinfo/Bi623/QAA/Part_3/Mus_musculus.GRCm39.dna.ens112.STAR_2.7.11b --outFileNamePrefix 22_"
	User time (seconds): 181.55
	System time (seconds): 13.50
	Percent of CPU this job got: 346%
	Elapsed (wall clock) time (h:mm:ss or m:ss): 0:56.36
	Average shared text size (kbytes): 0
	Average unshared data size (kbytes): 0
	Average stack size (kbytes): 0
	Average total size (kbytes): 0
	Maximum resident set size (kbytes): 27365028
	Average resident set size (kbytes): 0
	Major (requiring I/O) page faults: 0
	Minor (reclaiming a frame) page faults: 2588680
	Voluntary context switches: 28684
	Involuntary context switches: 1307
	Swaps: 0
	File system inputs: 0
	File system outputs: 0
	Socket messages sent: 0
	Socket messages received: 0
	Signals delivered: 0
	Page size (bytes): 4096
	Exit status: 0
