	/projects/bgmp/lwil/miniforge3/envs/QAA/bin/STAR-avx2 --runThreadN 8 --runMode genomeGenerate --genomeDir /projects/bgmp/lwil/bioinfo/Bi623/QAA/Part_3/Mus_musculus.GRCm39.dna.ens112.STAR_2.7.11b --genomeFastaFiles /projects/bgmp/lwil/bioinfo/Bi623/QAA/Part_3/Mus_musculus.GRCm39.dna.primary_assembly.fa --sjdbGTFfile /projects/bgmp/lwil/bioinfo/Bi623/QAA/Part_3/Mus_musculus.GRCm39.112.gtf
	STAR version: 2.7.11b   compiled: 2024-07-03T14:39:20+0000 :/opt/conda/conda-bld/star_1720017372352/work/source
Sep 07 15:51:25 ..... started STAR run
Sep 07 15:51:25 ... starting to generate Genome files
Sep 07 15:52:00 ..... processing annotations GTF
Sep 07 15:52:12 ... starting to sort Suffix Array. This may take a long time...
Sep 07 15:52:24 ... sorting Suffix Array chunks and saving them to disk...
Sep 07 16:01:14 ... loading chunks from disk, packing SA...
Sep 07 16:02:13 ... finished generating suffix array
Sep 07 16:02:13 ... generating Suffix Array index
Sep 07 16:04:49 ... completed Suffix Array index
Sep 07 16:04:50 ..... inserting junctions into the genome indices
Sep 07 16:07:01 ... writing Genome to disk ...
Sep 07 16:07:03 ... writing Suffix Array to disk ...
Sep 07 16:07:27 ... writing SAindex to disk
Sep 07 16:07:28 ..... finished successfully
	Command being timed: "STAR --runThreadN 8 --runMode genomeGenerate --genomeDir /projects/bgmp/lwil/bioinfo/Bi623/QAA/Part_3/Mus_musculus.GRCm39.dna.ens112.STAR_2.7.11b --genomeFastaFiles /projects/bgmp/lwil/bioinfo/Bi623/QAA/Part_3/Mus_musculus.GRCm39.dna.primary_assembly.fa --sjdbGTFfile /projects/bgmp/lwil/bioinfo/Bi623/QAA/Part_3/Mus_musculus.GRCm39.112.gtf"
	User time (seconds): 4645.06
	System time (seconds): 57.33
	Percent of CPU this job got: 488%
	Elapsed (wall clock) time (h:mm:ss or m:ss): 16:03.17
	Average shared text size (kbytes): 0
	Average unshared data size (kbytes): 0
	Average stack size (kbytes): 0
	Average total size (kbytes): 0
	Maximum resident set size (kbytes): 32374376
	Average resident set size (kbytes): 0
	Major (requiring I/O) page faults: 0
	Minor (reclaiming a frame) page faults: 32362788
	Voluntary context switches: 20112
	Involuntary context switches: 6244
	Swaps: 0
	File system inputs: 0
	File system outputs: 0
	Socket messages sent: 0
	Socket messages received: 0
	Signals delivered: 0
	Page size (bytes): 4096
	Exit status: 0
