                                 Started job on |	Sep 07 20:15:01
                             Started mapping on |	Sep 07 20:15:27
                                    Finished on |	Sep 07 20:15:57
       Mapping speed, Million of reads per hour |	468.14

                          Number of input reads |	3901127
                      Average input read length |	199
                                    UNIQUE READS:
                   Uniquely mapped reads number |	3673851
                        Uniquely mapped reads % |	94.17%
                          Average mapped length |	199.00
                       Number of splices: Total |	2891631
            Number of splices: Annotated (sjdb) |	2874061
                       Number of splices: GT/AG |	2862043
                       Number of splices: GC/AG |	23342
                       Number of splices: AT/AC |	3189
               Number of splices: Non-canonical |	3057
                      Mismatch rate per base, % |	0.22%
                         Deletion rate per base |	0.00%
                        Deletion average length |	1.94
                        Insertion rate per base |	0.00%
                       Insertion average length |	1.40
                             MULTI-MAPPING READS:
        Number of reads mapped to multiple loci |	167736
             % of reads mapped to multiple loci |	4.30%
        Number of reads mapped to too many loci |	25293
             % of reads mapped to too many loci |	0.65%
                                  UNMAPPED READS:
  Number of reads unmapped: too many mismatches |	0
       % of reads unmapped: too many mismatches |	0.00%
            Number of reads unmapped: too short |	32700
                 % of reads unmapped: too short |	0.84%
                Number of reads unmapped: other |	1547
                     % of reads unmapped: other |	0.04%
                                  CHIMERIC READS:
                       Number of chimeric reads |	0
                            % of chimeric reads |	0.00%
