                                 Started job on |	Sep 07 20:10:36
                             Started mapping on |	Sep 07 20:10:52
                                    Finished on |	Sep 07 20:15:01
       Mapping speed, Million of reads per hour |	503.00

                          Number of input reads |	34791157
                      Average input read length |	198
                                    UNIQUE READS:
                   Uniquely mapped reads number |	31979869
                        Uniquely mapped reads % |	91.92%
                          Average mapped length |	197.92
                       Number of splices: Total |	21935694
            Number of splices: Annotated (sjdb) |	21732860
                       Number of splices: GT/AG |	21702707
                       Number of splices: GC/AG |	180144
                       Number of splices: AT/AC |	23348
               Number of splices: Non-canonical |	29495
                      Mismatch rate per base, % |	0.25%
                         Deletion rate per base |	0.01%
                        Deletion average length |	3.19
                        Insertion rate per base |	0.01%
                       Insertion average length |	1.80
                             MULTI-MAPPING READS:
        Number of reads mapped to multiple loci |	1588675
             % of reads mapped to multiple loci |	4.57%
        Number of reads mapped to too many loci |	267008
             % of reads mapped to too many loci |	0.77%
                                  UNMAPPED READS:
  Number of reads unmapped: too many mismatches |	0
       % of reads unmapped: too many mismatches |	0.00%
            Number of reads unmapped: too short |	932565
                 % of reads unmapped: too short |	2.68%
                Number of reads unmapped: other |	23040
                     % of reads unmapped: other |	0.07%
                                  CHIMERIC READS:
                       Number of chimeric reads |	0
                            % of chimeric reads |	0.00%
