application/gzip
application/gzip
Started analysis of 8_2F_fox_S7_L008_R1_001.fastq.gz
Approx 5% complete for 8_2F_fox_S7_L008_R1_001.fastq.gz
Approx 10% complete for 8_2F_fox_S7_L008_R1_001.fastq.gz
Approx 15% complete for 8_2F_fox_S7_L008_R1_001.fastq.gz
Approx 20% complete for 8_2F_fox_S7_L008_R1_001.fastq.gz
Approx 25% complete for 8_2F_fox_S7_L008_R1_001.fastq.gz
Approx 30% complete for 8_2F_fox_S7_L008_R1_001.fastq.gz
Approx 35% complete for 8_2F_fox_S7_L008_R1_001.fastq.gz
Approx 40% complete for 8_2F_fox_S7_L008_R1_001.fastq.gz
Approx 45% complete for 8_2F_fox_S7_L008_R1_001.fastq.gz
Approx 50% complete for 8_2F_fox_S7_L008_R1_001.fastq.gz
Approx 55% complete for 8_2F_fox_S7_L008_R1_001.fastq.gz
Approx 60% complete for 8_2F_fox_S7_L008_R1_001.fastq.gz
Approx 65% complete for 8_2F_fox_S7_L008_R1_001.fastq.gz
Approx 70% complete for 8_2F_fox_S7_L008_R1_001.fastq.gz
Approx 75% complete for 8_2F_fox_S7_L008_R1_001.fastq.gz
Approx 80% complete for 8_2F_fox_S7_L008_R1_001.fastq.gz
Approx 85% complete for 8_2F_fox_S7_L008_R1_001.fastq.gz
Approx 90% complete for 8_2F_fox_S7_L008_R1_001.fastq.gz
Approx 95% complete for 8_2F_fox_S7_L008_R1_001.fastq.gz
Analysis complete for 8_2F_fox_S7_L008_R1_001.fastq.gz
Started analysis of 8_2F_fox_S7_L008_R2_001.fastq.gz
Approx 5% complete for 8_2F_fox_S7_L008_R2_001.fastq.gz
Approx 10% complete for 8_2F_fox_S7_L008_R2_001.fastq.gz
Approx 15% complete for 8_2F_fox_S7_L008_R2_001.fastq.gz
Approx 20% complete for 8_2F_fox_S7_L008_R2_001.fastq.gz
Approx 25% complete for 8_2F_fox_S7_L008_R2_001.fastq.gz
Approx 30% complete for 8_2F_fox_S7_L008_R2_001.fastq.gz
Approx 35% complete for 8_2F_fox_S7_L008_R2_001.fastq.gz
Approx 40% complete for 8_2F_fox_S7_L008_R2_001.fastq.gz
Approx 45% complete for 8_2F_fox_S7_L008_R2_001.fastq.gz
Approx 50% complete for 8_2F_fox_S7_L008_R2_001.fastq.gz
Approx 55% complete for 8_2F_fox_S7_L008_R2_001.fastq.gz
Approx 60% complete for 8_2F_fox_S7_L008_R2_001.fastq.gz
Approx 65% complete for 8_2F_fox_S7_L008_R2_001.fastq.gz
Approx 70% complete for 8_2F_fox_S7_L008_R2_001.fastq.gz
Approx 75% complete for 8_2F_fox_S7_L008_R2_001.fastq.gz
Approx 80% complete for 8_2F_fox_S7_L008_R2_001.fastq.gz
Approx 85% complete for 8_2F_fox_S7_L008_R2_001.fastq.gz
Approx 90% complete for 8_2F_fox_S7_L008_R2_001.fastq.gz
Approx 95% complete for 8_2F_fox_S7_L008_R2_001.fastq.gz
Analysis complete for 8_2F_fox_S7_L008_R2_001.fastq.gz
	Command being timed: "fastqc -o fastqc_output /projects/bgmp/shared/2017_sequencing/demultiplexed/8_2F_fox_S7_L008_R1_001.fastq.gz /projects/bgmp/shared/2017_sequencing/demultiplexed/8_2F_fox_S7_L008_R2_001.fastq.gz"
	User time (seconds): 273.62
	System time (seconds): 12.00
	Percent of CPU this job got: 99%
	Elapsed (wall clock) time (h:mm:ss or m:ss): 4:48.22
	Average shared text size (kbytes): 0
	Average unshared data size (kbytes): 0
	Average stack size (kbytes): 0
	Average total size (kbytes): 0
	Maximum resident set size (kbytes): 182120
	Average resident set size (kbytes): 0
	Major (requiring I/O) page faults: 0
	Minor (reclaiming a frame) page faults: 79693
	Voluntary context switches: 24519
	Involuntary context switches: 8235
	Swaps: 0
	File system inputs: 0
	File system outputs: 6048
	Socket messages sent: 0
	Socket messages received: 0
	Signals delivered: 0
	Page size (bytes): 4096
	Exit status: 0
application/gzip
application/gzip
Started analysis of 22_3H_both_S16_L008_R1_001.fastq.gz
Approx 5% complete for 22_3H_both_S16_L008_R1_001.fastq.gz
Approx 10% complete for 22_3H_both_S16_L008_R1_001.fastq.gz
Approx 15% complete for 22_3H_both_S16_L008_R1_001.fastq.gz
Approx 20% complete for 22_3H_both_S16_L008_R1_001.fastq.gz
Approx 25% complete for 22_3H_both_S16_L008_R1_001.fastq.gz
Approx 30% complete for 22_3H_both_S16_L008_R1_001.fastq.gz
Approx 35% complete for 22_3H_both_S16_L008_R1_001.fastq.gz
Approx 40% complete for 22_3H_both_S16_L008_R1_001.fastq.gz
Approx 45% complete for 22_3H_both_S16_L008_R1_001.fastq.gz
Approx 50% complete for 22_3H_both_S16_L008_R1_001.fastq.gz
Approx 55% complete for 22_3H_both_S16_L008_R1_001.fastq.gz
Approx 60% complete for 22_3H_both_S16_L008_R1_001.fastq.gz
Approx 65% complete for 22_3H_both_S16_L008_R1_001.fastq.gz
Approx 70% complete for 22_3H_both_S16_L008_R1_001.fastq.gz
Approx 75% complete for 22_3H_both_S16_L008_R1_001.fastq.gz
Approx 80% complete for 22_3H_both_S16_L008_R1_001.fastq.gz
Approx 85% complete for 22_3H_both_S16_L008_R1_001.fastq.gz
Approx 90% complete for 22_3H_both_S16_L008_R1_001.fastq.gz
Approx 95% complete for 22_3H_both_S16_L008_R1_001.fastq.gz
Analysis complete for 22_3H_both_S16_L008_R1_001.fastq.gz
Started analysis of 22_3H_both_S16_L008_R2_001.fastq.gz
Approx 5% complete for 22_3H_both_S16_L008_R2_001.fastq.gz
Approx 10% complete for 22_3H_both_S16_L008_R2_001.fastq.gz
Approx 15% complete for 22_3H_both_S16_L008_R2_001.fastq.gz
Approx 20% complete for 22_3H_both_S16_L008_R2_001.fastq.gz
Approx 25% complete for 22_3H_both_S16_L008_R2_001.fastq.gz
Approx 30% complete for 22_3H_both_S16_L008_R2_001.fastq.gz
Approx 35% complete for 22_3H_both_S16_L008_R2_001.fastq.gz
Approx 40% complete for 22_3H_both_S16_L008_R2_001.fastq.gz
Approx 45% complete for 22_3H_both_S16_L008_R2_001.fastq.gz
Approx 50% complete for 22_3H_both_S16_L008_R2_001.fastq.gz
Approx 55% complete for 22_3H_both_S16_L008_R2_001.fastq.gz
Approx 60% complete for 22_3H_both_S16_L008_R2_001.fastq.gz
Approx 65% complete for 22_3H_both_S16_L008_R2_001.fastq.gz
Approx 70% complete for 22_3H_both_S16_L008_R2_001.fastq.gz
Approx 75% complete for 22_3H_both_S16_L008_R2_001.fastq.gz
Approx 80% complete for 22_3H_both_S16_L008_R2_001.fastq.gz
Approx 85% complete for 22_3H_both_S16_L008_R2_001.fastq.gz
Approx 90% complete for 22_3H_both_S16_L008_R2_001.fastq.gz
Approx 95% complete for 22_3H_both_S16_L008_R2_001.fastq.gz
Analysis complete for 22_3H_both_S16_L008_R2_001.fastq.gz
	Command being timed: "fastqc -o fastqc_output /projects/bgmp/shared/2017_sequencing/demultiplexed/22_3H_both_S16_L008_R1_001.fastq.gz /projects/bgmp/shared/2017_sequencing/demultiplexed/22_3H_both_S16_L008_R2_001.fastq.gz"
	User time (seconds): 33.64
	System time (seconds): 1.57
	Percent of CPU this job got: 92%
	Elapsed (wall clock) time (h:mm:ss or m:ss): 0:37.90
	Average shared text size (kbytes): 0
	Average unshared data size (kbytes): 0
	Average stack size (kbytes): 0
	Average total size (kbytes): 0
	Maximum resident set size (kbytes): 203980
	Average resident set size (kbytes): 0
	Major (requiring I/O) page faults: 0
	Minor (reclaiming a frame) page faults: 72067
	Voluntary context switches: 4454
	Involuntary context switches: 1573
	Swaps: 0
	File system inputs: 0
	File system outputs: 4480
	Socket messages sent: 0
	Socket messages received: 0
	Signals delivered: 0
	Page size (bytes): 4096
	Exit status: 0
