	Command being timed: "/projects/bgmp/lwil/bioinfo/Bi622/Demultiplex/Assignment-the-first/meandist.py -f /projects/bgmp/shared/2017_sequencing/demultiplexed/8_2F_fox_S7_L008_R1_001.fastq.gz -l 101 -o meandist_8_2F_fox_S7_L008_R1_001"
	User time (seconds): 576.71
	System time (seconds): 0.35
	Percent of CPU this job got: 98%
	Elapsed (wall clock) time (h:mm:ss or m:ss): 9:43.65
	Average shared text size (kbytes): 0
	Average unshared data size (kbytes): 0
	Average stack size (kbytes): 0
	Average total size (kbytes): 0
	Maximum resident set size (kbytes): 65724
	Average resident set size (kbytes): 0
	Major (requiring I/O) page faults: 0
	Minor (reclaiming a frame) page faults: 15085
	Voluntary context switches: 2482
	Involuntary context switches: 1499
	Swaps: 0
	File system inputs: 0
	File system outputs: 0
	Socket messages sent: 0
	Socket messages received: 0
	Signals delivered: 0
	Page size (bytes): 4096
	Exit status: 0
	Command being timed: "/projects/bgmp/lwil/bioinfo/Bi622/Demultiplex/Assignment-the-first/meandist.py -f /projects/bgmp/shared/2017_sequencing/demultiplexed/8_2F_fox_S7_L008_R2_001.fastq.gz -l 101 -o meandist_8_2F_fox_S7_L008_R2_001"
	User time (seconds): 556.82
	System time (seconds): 0.27
	Percent of CPU this job got: 99%
	Elapsed (wall clock) time (h:mm:ss or m:ss): 9:20.72
	Average shared text size (kbytes): 0
	Average unshared data size (kbytes): 0
	Average stack size (kbytes): 0
	Average total size (kbytes): 0
	Maximum resident set size (kbytes): 63484
	Average resident set size (kbytes): 0
	Major (requiring I/O) page faults: 0
	Minor (reclaiming a frame) page faults: 15085
	Voluntary context switches: 2036
	Involuntary context switches: 1413
	Swaps: 0
	File system inputs: 0
	File system outputs: 0
	Socket messages sent: 0
	Socket messages received: 0
	Signals delivered: 0
	Page size (bytes): 4096
	Exit status: 0
	Command being timed: "/projects/bgmp/lwil/bioinfo/Bi622/Demultiplex/Assignment-the-first/meandist.py -f /projects/bgmp/shared/2017_sequencing/demultiplexed/22_3H_both_S16_L008_R1_001.fastq.gz -l 101 -o meandist_22_3H_both_S16_L008_R1_001"
	User time (seconds): 62.13
	System time (seconds): 0.13
	Percent of CPU this job got: 98%
	Elapsed (wall clock) time (h:mm:ss or m:ss): 1:03.22
	Average shared text size (kbytes): 0
	Average unshared data size (kbytes): 0
	Average stack size (kbytes): 0
	Average total size (kbytes): 0
	Maximum resident set size (kbytes): 65216
	Average resident set size (kbytes): 0
	Major (requiring I/O) page faults: 0
	Minor (reclaiming a frame) page faults: 14973
	Voluntary context switches: 949
	Involuntary context switches: 194
	Swaps: 0
	File system inputs: 0
	File system outputs: 0
	Socket messages sent: 0
	Socket messages received: 0
	Signals delivered: 0
	Page size (bytes): 4096
	Exit status: 0
	Command being timed: "/projects/bgmp/lwil/bioinfo/Bi622/Demultiplex/Assignment-the-first/meandist.py -f /projects/bgmp/shared/2017_sequencing/demultiplexed/22_3H_both_S16_L008_R2_001.fastq.gz -l 101 -o meandist_22_3H_both_S16_L008_R2_001"
	User time (seconds): 62.47
	System time (seconds): 0.10
	Percent of CPU this job got: 99%
	Elapsed (wall clock) time (h:mm:ss or m:ss): 1:02.73
	Average shared text size (kbytes): 0
	Average unshared data size (kbytes): 0
	Average stack size (kbytes): 0
	Average total size (kbytes): 0
	Maximum resident set size (kbytes): 67344
	Average resident set size (kbytes): 0
	Major (requiring I/O) page faults: 0
	Minor (reclaiming a frame) page faults: 15015
	Voluntary context switches: 585
	Involuntary context switches: 191
	Swaps: 0
	File system inputs: 0
	File system outputs: 0
	Socket messages sent: 0
	Socket messages received: 0
	Signals delivered: 0
	Page size (bytes): 4096
	Exit status: 0
