This is cutadapt 4.9 with Python 3.12.5
Command line parameters: -a AGATCGGAAGAGCACACGTCTGAACTCCAGTCA -A AGATCGGAAGAGCGTCGTGTAGGGAAAGAGTGT -o /projects/bgmp/lwil/bioinfo/Bi623/QAA/Part_2/cutadapt_output/out_8_R1.fastq.gz -p /projects/bgmp/lwil/bioinfo/Bi623/QAA/Part_2/cutadapt_output/out_8_R2.fastq.gz /projects/bgmp/shared/2017_sequencing/demultiplexed/8_2F_fox_S7_L008_R1_001.fastq.gz /projects/bgmp/shared/2017_sequencing/demultiplexed/8_2F_fox_S7_L008_R2_001.fastq.gz
Processing paired-end reads on 1 core ...
Finished in 526.767 s (14.439 µs/read; 4.16 M reads/minute).

=== Summary ===

Total read pairs processed:         36,482,601
  Read 1 with adapter:               2,145,600 (5.9%)
  Read 2 with adapter:               2,403,490 (6.6%)
Pairs written (passing filters):    36,482,601 (100.0%)

Total basepairs processed: 7,369,485,402 bp
  Read 1: 3,684,742,701 bp
  Read 2: 3,684,742,701 bp
Total written (filtered):  7,314,687,398 bp (99.3%)
  Read 1: 3,657,944,014 bp
  Read 2: 3,656,743,384 bp

=== First read: Adapter 1 ===

Sequence: AGATCGGAAGAGCACACGTCTGAACTCCAGTCA; Type: regular 3'; Length: 33; Trimmed: 2145600 times

Minimum overlap: 3
No. of allowed errors:
1-9 bp: 0; 10-19 bp: 1; 20-29 bp: 2; 30-33 bp: 3

Bases preceding removed adapters:
  A: 16.3%
  C: 28.6%
  G: 38.6%
  T: 16.1%
  none/other: 0.4%

Overview of removed sequences
length	count	expect	max.err	error counts
3	722162	570040.6	0	722162
4	200795	142510.2	0	200795
5	96504	35627.5	0	96504
6	64570	8906.9	0	64570
7	60936	2226.7	0	60936
8	57271	556.7	0	57271
9	56010	139.2	0	55161 849
10	55347	34.8	1	53458 1889
11	50897	8.7	1	49309 1588
12	48033	2.2	1	46664 1369
13	46156	0.5	1	44875 1281
14	43607	0.1	1	42195 1412
15	41608	0.0	1	40349 1259
16	39579	0.0	1	38233 1346
17	37018	0.0	1	35714 1304
18	34828	0.0	1	33554 1257 17
19	32890	0.0	1	31724 1119 47
20	30732	0.0	2	29444 1119 169
21	29283	0.0	2	28145 992 146
22	27430	0.0	2	26235 1015 180
23	25461	0.0	2	24337 986 138
24	24142	0.0	2	23016 938 188
25	22563	0.0	2	21542 873 148
26	20724	0.0	2	19725 890 109
27	19118	0.0	2	18202 790 115 11
28	18363	0.0	2	17423 788 137 15
29	16699	0.0	2	15792 766 131 10
30	15521	0.0	3	14664 693 124 40
31	14296	0.0	3	13430 680 135 51
32	13068	0.0	3	12339 595 90 44
33	12298	0.0	3	11513 624 116 45
34	11359	0.0	3	10667 561 94 37
35	10435	0.0	3	9883 439 86 27
36	9854	0.0	3	9200 509 98 47
37	9249	0.0	3	8706 453 63 27
38	8626	0.0	3	8151 384 69 22
39	8073	0.0	3	7610 396 49 18
40	7401	0.0	3	6988 325 66 22
41	6763	0.0	3	6403 290 57 13
42	6259	0.0	3	5923 285 41 10
43	5756	0.0	3	5447 258 34 17
44	5317	0.0	3	5027 234 45 11
45	5036	0.0	3	4763 222 37 14
46	4646	0.0	3	4413 179 41 13
47	4396	0.0	3	4159 191 30 16
48	4153	0.0	3	3946 170 25 12
49	3870	0.0	3	3672 166 20 12
50	3645	0.0	3	3478 134 29 4
51	3496	0.0	3	3328 143 18 7
52	3264	0.0	3	3088 133 33 10
53	2944	0.0	3	2775 141 16 12
54	2662	0.0	3	2533 100 18 11
55	2468	0.0	3	2322 120 15 11
56	2261	0.0	3	2149 84 20 8
57	2152	0.0	3	2054 80 9 9
58	2177	0.0	3	2057 94 19 7
59	2013	0.0	3	1913 85 11 4
60	1990	0.0	3	1884 89 9 8
61	1897	0.0	3	1808 75 9 5
62	1709	0.0	3	1629 65 8 7
63	1512	0.0	3	1437 57 14 4
64	1530	0.0	3	1440 73 13 4
65	1339	0.0	3	1268 54 11 6
66	1228	0.0	3	1163 50 13 2
67	1182	0.0	3	1126 43 12 1
68	1095	0.0	3	1035 47 8 5
69	999	0.0	3	950 40 2 7
70	1024	0.0	3	975 39 7 3
71	824	0.0	3	780 34 3 7
72	747	0.0	3	712 28 4 3
73	653	0.0	3	619 27 6 1
74	469	0.0	3	447 19 1 2
75	359	0.0	3	337 13 2 7
76	311	0.0	3	296 10 3 2
77	241	0.0	3	232 8 1
78	208	0.0	3	194 11 2 1
79	183	0.0	3	174 7 1 1
80	85	0.0	3	81 4
81	98	0.0	3	88 8 0 2
82	60	0.0	3	57 3
83	103	0.0	3	99 3 1
84	58	0.0	3	58
85	80	0.0	3	74 6
86	58	0.0	3	56 2
87	59	0.0	3	56 3
88	43	0.0	3	42 1
89	68	0.0	3	67 1
90	45	0.0	3	43 2
91	38	0.0	3	35 1 1 1
92	24	0.0	3	23 1
93	26	0.0	3	24 1 0 1
94	27	0.0	3	24 2 1
95	21	0.0	3	20 1
96	43	0.0	3	42 0 1
97	32	0.0	3	30 1 0 1
98	33	0.0	3	31 1 0 1
99	12	0.0	3	11 1
100	12	0.0	3	8 2 1 1
101	8891	0.0	3	24 7261 1506 100


=== Second read: Adapter 2 ===

Sequence: AGATCGGAAGAGCGTCGTGTAGGGAAAGAGTGT; Type: regular 3'; Length: 33; Trimmed: 2403490 times

Minimum overlap: 3
No. of allowed errors:
1-9 bp: 0; 10-19 bp: 1; 20-29 bp: 2; 30-33 bp: 3

Bases preceding removed adapters:
  A: 18.0%
  C: 29.4%
  G: 42.8%
  T: 9.5%
  none/other: 0.4%

Overview of removed sequences
length	count	expect	max.err	error counts
3	922095	570040.6	0	922095
4	233436	142510.2	0	233436
5	103550	35627.5	0	103550
6	68593	8906.9	0	68593
7	61825	2226.7	0	61825
8	57758	556.7	0	57758
9	56924	139.2	0	55666 1258
10	56367	34.8	1	54026 2341
11	51659	8.7	1	49938 1721
12	48549	2.2	1	47366 1183
13	46460	0.5	1	45392 1068
14	43966	0.1	1	43083 883
15	41893	0.0	1	40678 1215
16	39908	0.0	1	38804 1104
17	37299	0.0	1	36199 1100
18	35014	0.0	1	33807 1204 3
19	33146	0.0	1	32172 957 17
20	30943	0.0	2	29764 1036 143
21	29435	0.0	2	28306 990 139
22	27640	0.0	2	26535 967 138
23	25646	0.0	2	24703 823 120
24	24362	0.0	2	23174 1022 166
25	22747	0.0	2	21729 885 133
26	20942	0.0	2	19927 834 181
27	19296	0.0	2	18351 794 146 5
28	18574	0.0	2	17606 815 147 6
29	16896	0.0	2	15912 793 169 22
30	15678	0.0	3	14852 650 138 38
31	14453	0.0	3	13402 856 141 54
32	13247	0.0	3	12464 606 118 59
33	12457	0.0	3	11692 599 107 59
34	11503	0.0	3	10811 535 101 56
35	10566	0.0	3	9940 460 106 60
36	9966	0.0	3	9398 456 73 39
37	9393	0.0	3	8829 427 87 50
38	8773	0.0	3	8292 368 60 53
39	8230	0.0	3	7734 366 79 51
40	7580	0.0	3	7139 320 71 50
41	6904	0.0	3	6475 328 61 40
42	6382	0.0	3	6009 270 60 43
43	5893	0.0	3	5537 268 40 48
44	5455	0.0	3	5126 248 51 30
45	5165	0.0	3	4876 210 41 38
46	4803	0.0	3	4483 228 51 41
47	4510	0.0	3	4236 207 42 25
48	4282	0.0	3	3967 236 44 35
49	3977	0.0	3	3712 194 40 31
50	3779	0.0	3	3509 198 46 26
51	3646	0.0	3	3387 190 51 18
52	3358	0.0	3	3123 188 24 23
53	3058	0.0	3	2820 179 28 31
54	2794	0.0	3	2589 148 34 23
55	2577	0.0	3	2381 146 31 19
56	2375	0.0	3	2197 134 23 21
57	2258	0.0	3	2079 121 32 26
58	2317	0.0	3	2132 122 38 25
59	2118	0.0	3	1952 121 24 21
60	2103	0.0	3	1947 108 27 21
61	2007	0.0	3	1861 111 22 13
62	1803	0.0	3	1666 92 24 21
63	1637	0.0	3	1500 89 32 16
64	1613	0.0	3	1482 89 27 15
65	1462	0.0	3	1305 106 23 28
66	1322	0.0	3	1202 71 25 24
67	1283	0.0	3	1185 61 23 14
68	1188	0.0	3	1084 60 24 20
69	1082	0.0	3	982 72 17 11
70	1099	0.0	3	1007 55 19 18
71	911	0.0	3	815 62 17 17
72	831	0.0	3	735 64 14 18
73	723	0.0	3	647 45 18 13
74	518	0.0	3	461 35 11 11
75	406	0.0	3	359 28 9 10
76	370	0.0	3	323 25 12 10
77	284	0.0	3	237 31 7 9
78	246	0.0	3	217 12 11 6
79	204	0.0	3	184 7 8 5
80	111	0.0	3	91 5 10 5
81	111	0.0	3	93 13 0 5
82	82	0.0	3	65 6 7 4
83	111	0.0	3	101 7 1 2
84	71	0.0	3	59 6 4 2
85	82	0.0	3	73 6 1 2
86	67	0.0	3	55 4 4 4
87	62	0.0	3	54 6 1 1
88	52	0.0	3	35 7 3 7
89	74	0.0	3	65 5 1 3
90	47	0.0	3	31 14 0 2
91	38	0.0	3	31 6 0 1
92	25	0.0	3	19 5 0 1
93	25	0.0	3	17 7 0 1
94	27	0.0	3	18 7 2
95	23	0.0	3	13 8 0 2
96	47	0.0	3	27 11 5 4
97	33	0.0	3	25 5 1 2
98	36	0.0	3	20 10 5 1
99	14	0.0	3	8 3 1 2
100	15	0.0	3	2 6 3 4
101	8825	0.0	3	13 7116 1549 147
	Command being timed: "cutadapt -a AGATCGGAAGAGCACACGTCTGAACTCCAGTCA -A AGATCGGAAGAGCGTCGTGTAGGGAAAGAGTGT -o /projects/bgmp/lwil/bioinfo/Bi623/QAA/Part_2/cutadapt_output/out_8_R1.fastq.gz -p /projects/bgmp/lwil/bioinfo/Bi623/QAA/Part_2/cutadapt_output/out_8_R2.fastq.gz /projects/bgmp/shared/2017_sequencing/demultiplexed/8_2F_fox_S7_L008_R1_001.fastq.gz /projects/bgmp/shared/2017_sequencing/demultiplexed/8_2F_fox_S7_L008_R2_001.fastq.gz"
	User time (seconds): 523.68
	System time (seconds): 1.00
	Percent of CPU this job got: 98%
	Elapsed (wall clock) time (h:mm:ss or m:ss): 8:50.18
	Average shared text size (kbytes): 0
	Average unshared data size (kbytes): 0
	Average stack size (kbytes): 0
	Average total size (kbytes): 0
	Maximum resident set size (kbytes): 37960
	Average resident set size (kbytes): 0
	Major (requiring I/O) page faults: 0
	Minor (reclaiming a frame) page faults: 7587
	Voluntary context switches: 1878
	Involuntary context switches: 1308
	Swaps: 0
	File system inputs: 0
	File system outputs: 0
	Socket messages sent: 0
	Socket messages received: 0
	Signals delivered: 0
	Page size (bytes): 4096
	Exit status: 0
This is cutadapt 4.9 with Python 3.12.5
Command line parameters: -a AGATCGGAAGAGCACACGTCTGAACTCCAGTCA -A AGATCGGAAGAGCGTCGTGTAGGGAAAGAGTGT -o /projects/bgmp/lwil/bioinfo/Bi623/QAA/Part_2/cutadapt_output/out_22_R1.fastq.gz -p /projects/bgmp/lwil/bioinfo/Bi623/QAA/Part_2/cutadapt_output/out_22_R2.fastq.gz /projects/bgmp/shared/2017_sequencing/demultiplexed/22_3H_both_S16_L008_R1_001.fastq.gz /projects/bgmp/shared/2017_sequencing/demultiplexed/22_3H_both_S16_L008_R2_001.fastq.gz
Processing paired-end reads on 1 core ...
Finished in 58.553 s (14.454 µs/read; 4.15 M reads/minute).

=== Summary ===

Total read pairs processed:          4,050,899
  Read 1 with adapter:                 153,089 (3.8%)
  Read 2 with adapter:                 186,534 (4.6%)
Pairs written (passing filters):     4,050,899 (100.0%)

Total basepairs processed:   818,281,598 bp
  Read 1:   409,140,799 bp
  Read 2:   409,140,799 bp
Total written (filtered):    815,265,349 bp (99.6%)
  Read 1:   407,700,835 bp
  Read 2:   407,564,514 bp

=== First read: Adapter 1 ===

Sequence: AGATCGGAAGAGCACACGTCTGAACTCCAGTCA; Type: regular 3'; Length: 33; Trimmed: 153089 times

Minimum overlap: 3
No. of allowed errors:
1-9 bp: 0; 10-19 bp: 1; 20-29 bp: 2; 30-33 bp: 3

Bases preceding removed adapters:
  A: 21.1%
  C: 30.8%
  G: 30.2%
  T: 17.7%
  none/other: 0.2%

Overview of removed sequences
length	count	expect	max.err	error counts
3	75429	63295.3	0	75429
4	17444	15823.8	0	17444
5	6268	3956.0	0	6268
6	2911	989.0	0	2911
7	2584	247.2	0	2584
8	2382	61.8	0	2382
9	2434	15.5	0	2341 93
10	2338	3.9	1	2184 154
11	2260	1.0	1	2164 96
12	2253	0.2	1	2170 83
13	2022	0.1	1	1952 70
14	1965	0.0	1	1895 70
15	1927	0.0	1	1861 66
16	1842	0.0	1	1771 71
17	1783	0.0	1	1723 60
18	1718	0.0	1	1650 66 2
19	1629	0.0	1	1566 60 3
20	1562	0.0	2	1489 65 8
21	1544	0.0	2	1478 53 13
22	1455	0.0	2	1369 67 19
23	1341	0.0	2	1280 50 11
24	1289	0.0	2	1209 65 15
25	1208	0.0	2	1145 55 8
26	1253	0.0	2	1174 67 12
27	1101	0.0	2	1039 52 10
28	1076	0.0	2	1001 63 11 1
29	1004	0.0	2	949 50 4 1
30	931	0.0	3	884 38 6 3
31	902	0.0	3	840 47 9 6
32	825	0.0	3	770 47 6 2
33	753	0.0	3	698 41 8 6
34	698	0.0	3	660 29 8 1
35	647	0.0	3	606 34 5 2
36	650	0.0	3	607 35 7 1
37	555	0.0	3	518 32 3 2
38	541	0.0	3	513 24 3 1
39	514	0.0	3	488 20 6
40	426	0.0	3	399 21 4 2
41	364	0.0	3	336 25 1 2
42	350	0.0	3	323 24 3
43	314	0.0	3	298 12 2 2
44	292	0.0	3	272 16 2 2
45	245	0.0	3	238 6 0 1
46	204	0.0	3	193 10 1
47	185	0.0	3	170 14 0 1
48	171	0.0	3	166 3 1 1
49	152	0.0	3	147 4 1
50	130	0.0	3	121 7 2
51	115	0.0	3	108 4 3
52	94	0.0	3	85 7 1 1
53	98	0.0	3	92 5 1
54	66	0.0	3	59 7
55	81	0.0	3	73 7 0 1
56	41	0.0	3	36 5
57	43	0.0	3	40 2 0 1
58	40	0.0	3	38 2
59	25	0.0	3	22 1 2
60	36	0.0	3	34 1 0 1
61	35	0.0	3	31 2 1 1
62	37	0.0	3	33 2 2
63	15	0.0	3	13 2
64	16	0.0	3	15 0 0 1
65	18	0.0	3	17 0 0 1
66	16	0.0	3	14 2
67	11	0.0	3	7 3 1
68	18	0.0	3	17 1
69	7	0.0	3	7
70	15	0.0	3	11 1 2 1
71	3	0.0	3	3
72	3	0.0	3	2 1
73	9	0.0	3	7 2
74	7	0.0	3	7
75	4	0.0	3	2 2
76	2	0.0	3	2
77	4	0.0	3	3 1
78	3	0.0	3	2 0 0 1
79	5	0.0	3	2 0 3
80	4	0.0	3	4
81	1	0.0	3	1
82	2	0.0	3	2
83	2	0.0	3	1 1
84	1	0.0	3	1
85	3	0.0	3	3
87	2	0.0	3	2
88	1	0.0	3	0 0 1
90	1	0.0	3	1
91	3	0.0	3	3
92	1	0.0	3	1
94	1	0.0	3	1
95	1	0.0	3	1
96	1	0.0	3	1
100	1	0.0	3	0 0 0 1
101	326	0.0	3	1 241 80 4


=== Second read: Adapter 2 ===

Sequence: AGATCGGAAGAGCGTCGTGTAGGGAAAGAGTGT; Type: regular 3'; Length: 33; Trimmed: 186534 times

Minimum overlap: 3
No. of allowed errors:
1-9 bp: 0; 10-19 bp: 1; 20-29 bp: 2; 30-33 bp: 3

Bases preceding removed adapters:
  A: 25.7%
  C: 31.5%
  G: 31.0%
  T: 11.6%
  none/other: 0.2%

Overview of removed sequences
length	count	expect	max.err	error counts
3	101827	63295.3	0	101827
4	21693	15823.8	0	21693
5	7544	3956.0	0	7544
6	3311	989.0	0	3311
7	2643	247.2	0	2643
8	2432	61.8	0	2432
9	2506	15.5	0	2373 133
10	2418	3.9	1	2211 207
11	2329	1.0	1	2190 139
12	2302	0.2	1	2231 71
13	2036	0.1	1	1990 46
14	1989	0.0	1	1946 43
15	1955	0.0	1	1889 66
16	1868	0.0	1	1833 35
17	1794	0.0	1	1735 59
18	1732	0.0	1	1675 57
19	1653	0.0	1	1598 55
20	1578	0.0	2	1513 54 11
21	1556	0.0	2	1487 60 9
22	1473	0.0	2	1408 55 10
23	1359	0.0	2	1295 53 11
24	1301	0.0	2	1229 63 9
25	1223	0.0	2	1163 54 6
26	1265	0.0	2	1206 51 8
27	1126	0.0	2	1064 54 8
28	1102	0.0	2	1051 39 12
29	1019	0.0	2	960 53 5 1
30	938	0.0	3	887 43 6 2
31	910	0.0	3	856 44 9 1
32	842	0.0	3	791 37 10 4
33	763	0.0	3	717 31 11 4
34	714	0.0	3	670 31 10 3
35	658	0.0	3	631 22 4 1
36	666	0.0	3	627 27 8 4
37	569	0.0	3	536 26 5 2
38	557	0.0	3	524 27 5 1
39	526	0.0	3	495 23 5 3
40	440	0.0	3	413 24 1 2
41	377	0.0	3	342 26 6 3
42	359	0.0	3	338 15 4 2
43	325	0.0	3	298 18 8 1
44	303	0.0	3	279 17 6 1
45	255	0.0	3	235 15 3 2
46	215	0.0	3	198 10 3 4
47	196	0.0	3	180 13 3
48	184	0.0	3	168 9 3 4
49	157	0.0	3	146 7 2 2
50	143	0.0	3	129 8 3 3
51	122	0.0	3	114 5 2 1
52	99	0.0	3	91 5 3
53	111	0.0	3	97 8 3 3
54	73	0.0	3	66 5 1 1
55	94	0.0	3	79 10 3 2
56	44	0.0	3	41 0 2 1
57	51	0.0	3	40 6 4 1
58	48	0.0	3	44 0 2 2
59	33	0.0	3	25 2 3 3
60	43	0.0	3	39 1 1 2
61	43	0.0	3	34 6 1 2
62	49	0.0	3	44 4 1
63	19	0.0	3	17 1 0 1
64	26	0.0	3	17 4 2 3
65	22	0.0	3	18 0 4
66	20	0.0	3	14 1 4 1
67	21	0.0	3	14 3 2 2
68	23	0.0	3	19 4
69	15	0.0	3	11 2 0 2
70	19	0.0	3	17 2
71	10	0.0	3	8 0 1 1
72	8	0.0	3	6 0 1 1
73	15	0.0	3	12 2 1
74	15	0.0	3	11 1 1 2
75	10	0.0	3	6 1 2 1
76	4	0.0	3	4
77	9	0.0	3	5 3 0 1
78	4	0.0	3	2 0 1 1
79	7	0.0	3	5 1 1
80	5	0.0	3	5
81	1	0.0	3	1
82	2	0.0	3	2
83	2	0.0	3	1 1
84	1	0.0	3	1
85	3	0.0	3	3
87	2	0.0	3	2
88	1	0.0	3	0 1
90	1	0.0	3	1
91	3	0.0	3	3
92	1	0.0	3	0 1
94	1	0.0	3	0 1
95	2	0.0	3	2
96	1	0.0	3	1
101	320	0.0	3	0 229 86 5
	Command being timed: "cutadapt -a AGATCGGAAGAGCACACGTCTGAACTCCAGTCA -A AGATCGGAAGAGCGTCGTGTAGGGAAAGAGTGT -o /projects/bgmp/lwil/bioinfo/Bi623/QAA/Part_2/cutadapt_output/out_22_R1.fastq.gz -p /projects/bgmp/lwil/bioinfo/Bi623/QAA/Part_2/cutadapt_output/out_22_R2.fastq.gz /projects/bgmp/shared/2017_sequencing/demultiplexed/22_3H_both_S16_L008_R1_001.fastq.gz /projects/bgmp/shared/2017_sequencing/demultiplexed/22_3H_both_S16_L008_R2_001.fastq.gz"
	User time (seconds): 58.17
	System time (seconds): 0.16
	Percent of CPU this job got: 99%
	Elapsed (wall clock) time (h:mm:ss or m:ss): 0:58.75
	Average shared text size (kbytes): 0
	Average unshared data size (kbytes): 0
	Average stack size (kbytes): 0
	Average total size (kbytes): 0
	Maximum resident set size (kbytes): 38144
	Average resident set size (kbytes): 0
	Major (requiring I/O) page faults: 0
	Minor (reclaiming a frame) page faults: 7542
	Voluntary context switches: 352
	Involuntary context switches: 172
	Swaps: 0
	File system inputs: 0
	File system outputs: 0
	Socket messages sent: 0
	Socket messages received: 0
	Signals delivered: 0
	Page size (bytes): 4096
	Exit status: 0
