application/gzip
application/gzip
Started analysis of out_8_R1_P.fastq.gz
Approx 5% complete for out_8_R1_P.fastq.gz
Approx 10% complete for out_8_R1_P.fastq.gz
Approx 15% complete for out_8_R1_P.fastq.gz
Approx 20% complete for out_8_R1_P.fastq.gz
Approx 25% complete for out_8_R1_P.fastq.gz
Approx 30% complete for out_8_R1_P.fastq.gz
Approx 35% complete for out_8_R1_P.fastq.gz
Approx 40% complete for out_8_R1_P.fastq.gz
Approx 45% complete for out_8_R1_P.fastq.gz
Approx 50% complete for out_8_R1_P.fastq.gz
Approx 55% complete for out_8_R1_P.fastq.gz
Approx 60% complete for out_8_R1_P.fastq.gz
Approx 65% complete for out_8_R1_P.fastq.gz
Approx 70% complete for out_8_R1_P.fastq.gz
Approx 75% complete for out_8_R1_P.fastq.gz
Approx 80% complete for out_8_R1_P.fastq.gz
Approx 85% complete for out_8_R1_P.fastq.gz
Approx 90% complete for out_8_R1_P.fastq.gz
Approx 95% complete for out_8_R1_P.fastq.gz
Analysis complete for out_8_R1_P.fastq.gz
Started analysis of out_8_R2_P.fastq.gz
Approx 5% complete for out_8_R2_P.fastq.gz
Approx 10% complete for out_8_R2_P.fastq.gz
Approx 15% complete for out_8_R2_P.fastq.gz
Approx 20% complete for out_8_R2_P.fastq.gz
Approx 25% complete for out_8_R2_P.fastq.gz
Approx 30% complete for out_8_R2_P.fastq.gz
Approx 35% complete for out_8_R2_P.fastq.gz
Approx 40% complete for out_8_R2_P.fastq.gz
Approx 45% complete for out_8_R2_P.fastq.gz
Approx 50% complete for out_8_R2_P.fastq.gz
Approx 55% complete for out_8_R2_P.fastq.gz
Approx 60% complete for out_8_R2_P.fastq.gz
Approx 65% complete for out_8_R2_P.fastq.gz
Approx 70% complete for out_8_R2_P.fastq.gz
Approx 75% complete for out_8_R2_P.fastq.gz
Approx 80% complete for out_8_R2_P.fastq.gz
Approx 85% complete for out_8_R2_P.fastq.gz
Approx 90% complete for out_8_R2_P.fastq.gz
Approx 95% complete for out_8_R2_P.fastq.gz
Analysis complete for out_8_R2_P.fastq.gz
	Command being timed: "fastqc -o trimmed_fastqc_output /projects/bgmp/lwil/bioinfo/Bi623/QAA/Part_2/trimmomatic_output/out_8_R1_P.fastq.gz /projects/bgmp/lwil/bioinfo/Bi623/QAA/Part_2/trimmomatic_output/out_8_R2_P.fastq.gz"
	User time (seconds): 256.56
	System time (seconds): 11.11
	Percent of CPU this job got: 98%
	Elapsed (wall clock) time (h:mm:ss or m:ss): 4:32.21
	Average shared text size (kbytes): 0
	Average unshared data size (kbytes): 0
	Average stack size (kbytes): 0
	Average total size (kbytes): 0
	Maximum resident set size (kbytes): 211996
	Average resident set size (kbytes): 0
	Major (requiring I/O) page faults: 0
	Minor (reclaiming a frame) page faults: 95307
	Voluntary context switches: 22211
	Involuntary context switches: 7733
	Swaps: 0
	File system inputs: 0
	File system outputs: 4736
	Socket messages sent: 0
	Socket messages received: 0
	Signals delivered: 0
	Page size (bytes): 4096
	Exit status: 0
application/gzip
application/gzip
Started analysis of out_22_R1_P.fastq.gz
Approx 5% complete for out_22_R1_P.fastq.gz
Approx 10% complete for out_22_R1_P.fastq.gz
Approx 15% complete for out_22_R1_P.fastq.gz
Approx 20% complete for out_22_R1_P.fastq.gz
Approx 25% complete for out_22_R1_P.fastq.gz
Approx 30% complete for out_22_R1_P.fastq.gz
Approx 35% complete for out_22_R1_P.fastq.gz
Approx 40% complete for out_22_R1_P.fastq.gz
Approx 45% complete for out_22_R1_P.fastq.gz
Approx 50% complete for out_22_R1_P.fastq.gz
Approx 55% complete for out_22_R1_P.fastq.gz
Approx 60% complete for out_22_R1_P.fastq.gz
Approx 65% complete for out_22_R1_P.fastq.gz
Approx 70% complete for out_22_R1_P.fastq.gz
Approx 75% complete for out_22_R1_P.fastq.gz
Approx 80% complete for out_22_R1_P.fastq.gz
Approx 85% complete for out_22_R1_P.fastq.gz
Approx 90% complete for out_22_R1_P.fastq.gz
Approx 95% complete for out_22_R1_P.fastq.gz
Analysis complete for out_22_R1_P.fastq.gz
Started analysis of out_22_R2_P.fastq.gz
Approx 5% complete for out_22_R2_P.fastq.gz
Approx 10% complete for out_22_R2_P.fastq.gz
Approx 15% complete for out_22_R2_P.fastq.gz
Approx 20% complete for out_22_R2_P.fastq.gz
Approx 25% complete for out_22_R2_P.fastq.gz
Approx 30% complete for out_22_R2_P.fastq.gz
Approx 35% complete for out_22_R2_P.fastq.gz
Approx 40% complete for out_22_R2_P.fastq.gz
Approx 45% complete for out_22_R2_P.fastq.gz
Approx 50% complete for out_22_R2_P.fastq.gz
Approx 55% complete for out_22_R2_P.fastq.gz
Approx 60% complete for out_22_R2_P.fastq.gz
Approx 65% complete for out_22_R2_P.fastq.gz
Approx 70% complete for out_22_R2_P.fastq.gz
Approx 75% complete for out_22_R2_P.fastq.gz
Approx 80% complete for out_22_R2_P.fastq.gz
Approx 85% complete for out_22_R2_P.fastq.gz
Approx 90% complete for out_22_R2_P.fastq.gz
Approx 95% complete for out_22_R2_P.fastq.gz
Analysis complete for out_22_R2_P.fastq.gz
	Command being timed: "fastqc -o trimmed_fastqc_output /projects/bgmp/lwil/bioinfo/Bi623/QAA/Part_2/trimmomatic_output/out_22_R1_P.fastq.gz /projects/bgmp/lwil/bioinfo/Bi623/QAA/Part_2/trimmomatic_output/out_22_R2_P.fastq.gz"
	User time (seconds): 32.88
	System time (seconds): 1.44
	Percent of CPU this job got: 96%
	Elapsed (wall clock) time (h:mm:ss or m:ss): 0:35.43
	Average shared text size (kbytes): 0
	Average unshared data size (kbytes): 0
	Average stack size (kbytes): 0
	Average total size (kbytes): 0
	Maximum resident set size (kbytes): 202608
	Average resident set size (kbytes): 0
	Major (requiring I/O) page faults: 0
	Minor (reclaiming a frame) page faults: 71506
	Voluntary context switches: 3729
	Involuntary context switches: 1387
	Swaps: 0
	File system inputs: 0
	File system outputs: 4416
	Socket messages sent: 0
	Socket messages received: 0
	Signals delivered: 0
	Page size (bytes): 4096
	Exit status: 0
